Log generated: 2026-01-12 16:26:55

save_models_CNN_basic_CNN:
  best_file: model_20.pt
  best_epoch: 20
  dev_recall: 28.3717%

save_models_CNN_optimized_v2_CNN:
  best_file: model_20.pt
  best_epoch: 20
  dev_recall: 33.0283%

save_models_LSTM:
  best_file: model_8.pt
  best_epoch: 8
  dev_recall: 23.4067%

save_models_LSTM_DO_0-2_Bidirect_LSTM:
  best_file: model_50.pt
  best_epoch: 50
  dev_recall: 29.6017%

save_models_MLP:
  best_file: model_43.pt
  best_epoch: 43
  dev_recall: 1.7333%

save_models_MLP_Hidden_512_256_DO_0-2_MLP:
  best_file: model_43.pt
  best_epoch: 43
  dev_recall: 14.7783%

save_models_MLP_Hidden_512_DO_0-2_MLP:
  best_file: model_31.pt
  best_epoch: 31
  dev_recall: 1.7717%

