Log generated: 2026-01-12 22:56:47

save_models_CNN_LSTM_CNN_LSTM:
  best_file: model_20.pt
  best_epoch: 20
  dev_recall: 33.3467%

save_models_CNN_LSTM_optimized_CNN_LSTM:
  best_file: model_20.pt
  best_epoch: 20
  dev_recall: 34.8117%

save_models_CNN_basic_CNN:
  best_file: model_20.pt
  best_epoch: 20
  dev_recall: 28.3717%

save_models_CNN_optimized_CNN:
  best_file: model_20.pt
  best_epoch: 20
  dev_recall: 33.0283%

save_models_LSTM:
  best_file: model_45.pt
  best_epoch: 45
  dev_recall: 25.7183%

save_models_LSTM_DO_0-2_Bidirect_LSTM:
  best_file: model_50.pt
  best_epoch: 50
  dev_recall: 29.6017%

save_models_LSTM_Hidden_256_dropout_0-2_wdecay_0-0001_LSTM:
  best_file: model_43.pt
  best_epoch: 43
  dev_recall: 20.165%

save_models_MLP:
  best_file: model_47.pt
  best_epoch: 47
  dev_recall: 17.04%

save_models_MLP_Hidden_512_256_DO_0-2_MLP:
  best_file: model_39.pt
  best_epoch: 39
  dev_recall: 15.7883%

save_models_MLP_Hidden_512_DO_0-2_MLP:
  best_file: model_49.pt
  best_epoch: 49
  dev_recall: 16.9%

